<?xml version="1.0" encoding="UTF-8"?>
<testsuite xmlns:xsi="http://www.w3.org/2001/XMLSchema-instance" xsi:noNamespaceSchemaLocation="https://maven.apache.org/surefire/maven-surefire-plugin/xsd/surefire-test-report-3.0.xsd" version="3.0" name="com.br.users.GreetingResourceTest" time="7.21" tests="1" errors="1" skipped="0" failures="0">
  <properties>
    <property name="java.specification.version" value="19"/>
    <property name="sun.cpu.isalist" value="amd64"/>
    <property name="sun.jnu.encoding" value="Cp1252"/>
    <property name="java.class.path" value="C:\Users\021177631\Documents\exercicios\code-with-quarkus (1)\code-with-quarkus\target\test-classes;C:\Users\021177631\Documents\exercicios\code-with-quarkus (1)\code-with-quarkus\target\classes;C:\Users\021177631\.m2\repository\io\quarkus\quarkus-hibernate-orm-rest-data-panache\3.5.2\quarkus-hibernate-orm-rest-data-panache-3.5.2.jar;C:\Users\021177631\.m2\repository\io\quarkus\quarkus-rest-data-panache\3.5.2\quarkus-rest-data-panache-3.5.2.jar;C:\Users\021177631\.m2\repository\io\quarkus\quarkus-panache-common\3.5.2\quarkus-panache-common-3.5.2.jar;C:\Users\021177631\.m2\repository\io\quarkus\quarkus-hal\3.5.2\quarkus-hal-3.5.2.jar;C:\Users\021177631\.m2\repository\jakarta\ws\rs\jakarta.ws.rs-api\3.1.0\jakarta.ws.rs-api-3.1.0.jar;C:\Users\021177631\.m2\repository\jakarta\validation\jakarta.validation-api\3.0.2\jakarta.validation-api-3.0.2.jar;C:\Users\021177631\.m2\repository\io\quarkus\quarkus-hibernate-orm-panache\3.5.2\quarkus-hibernate-orm-panache-3.5.2.jar;C:\Users\021177631\.m2\repository\io\quarkus\quarkus-hibernate-orm-panache-common\3.5.2\quarkus-hibernate-orm-panache-common-3.5.2.jar;C:\Users\021177631\.m2\repository\io\quarkus\quarkus-panache-hibernate-common\3.5.2\quarkus-panache-hibernate-common-3.5.2.jar;C:\Users\021177631\.m2\repository\io\quarkus\quarkus-resteasy-reactive-jackson\3.5.2\quarkus-resteasy-reactive-jackson-3.5.2.jar;C:\Users\021177631\.m2\repository\io\quarkus\quarkus-resteasy-reactive-jackson-common\3.5.2\quarkus-resteasy-reactive-jackson-common-3.5.2.jar;C:\Users\021177631\.m2\repository\io\quarkus\resteasy\reactive\resteasy-reactive-jackson\3.5.2\resteasy-reactive-jackson-3.5.2.jar;C:\Users\021177631\.m2\repository\com\fasterxml\jackson\core\jackson-databind\2.15.3\jackson-databind-2.15.3.jar;C:\Users\021177631\.m2\repository\com\fasterxml\jackson\core\jackson-annotations\2.15.3\jackson-annotations-2.15.3.jar;C:\Users\021177631\.m2\repository\io\quarkus\quarkus-jackson\3.5.2\quarkus-jackson-3.5.2.jar;C:\Users\021177631\.m2\repository\com\fasterxml\jackson\datatype\jackson-datatype-jsr310\2.15.3\jackson-datatype-jsr310-2.15.3.jar;C:\Users\021177631\.m2\repository\com\fasterxml\jackson\datatype\jackson-datatype-jdk8\2.15.3\jackson-datatype-jdk8-2.15.3.jar;C:\Users\021177631\.m2\repository\com\fasterxml\jackson\module\jackson-module-parameter-names\2.15.3\jackson-module-parameter-names-2.15.3.jar;C:\Users\021177631\.m2\repository\io\quarkus\quarkus-hibernate-orm\3.5.2\quarkus-hibernate-orm-3.5.2.jar;C:\Users\021177631\.m2\repository\io\quarkus\quarkus-core\3.5.2\quarkus-core-3.5.2.jar;C:\Users\021177631\.m2\repository\jakarta\annotation\jakarta.annotation-api\2.1.1\jakarta.annotation-api-2.1.1.jar;C:\Users\021177631\.m2\repository\jakarta\enterprise\jakarta.enterprise.cdi-api\4.0.1\jakarta.enterprise.cdi-api-4.0.1.jar;C:\Users\021177631\.m2\repository\jakarta\enterprise\jakarta.enterprise.lang-model\4.0.1\jakarta.enterprise.lang-model-4.0.1.jar;C:\Users\021177631\.m2\repository\jakarta\el\jakarta.el-api\5.0.1\jakarta.el-api-5.0.1.jar;C:\Users\021177631\.m2\repository\jakarta\interceptor\jakarta.interceptor-api\2.1.0\jakarta.interceptor-api-2.1.0.jar;C:\Users\021177631\.m2\repository\jakarta\inject\jakarta.inject-api\2.0.1\jakarta.inject-api-2.0.1.jar;C:\Users\021177631\.m2\repository\io\smallrye\common\smallrye-common-os\2.1.2\smallrye-common-os-2.1.2.jar;C:\Users\021177631\.m2\repository\io\quarkus\quarkus-ide-launcher\3.5.2\quarkus-ide-launcher-3.5.2.jar;C:\Users\021177631\.m2\repository\io\quarkus\quarkus-development-mode-spi\3.5.2\quarkus-development-mode-spi-3.5.2.jar;C:\Users\021177631\.m2\repository\io\smallrye\config\smallrye-config\3.4.4\smallrye-config-3.4.4.jar;C:\Users\021177631\.m2\repository\io\smallrye\config\smallrye-config-core\3.4.4\smallrye-config-core-3.4.4.jar;C:\Users\021177631\.m2\repository\org\eclipse\microprofile\config\microprofile-config-api\3.0.3\microprofile-config-api-3.0.3.jar;C:\Users\021177631\.m2\repository\io\smallrye\common\smallrye-common-classloader\2.1.2\smallrye-common-classloader-2.1.2.jar;C:\Users\021177631\.m2\repository\io\smallrye\config\smallrye-config-common\3.4.4\smallrye-config-common-3.4.4.jar;C:\Users\021177631\.m2\repository\org\jboss\logging\jboss-logging\3.5.3.Final\jboss-logging-3.5.3.Final.jar;C:\Users\021177631\.m2\repository\org\jboss\logmanager\jboss-logmanager\3.0.2.Final\jboss-logmanager-3.0.2.Final.jar;C:\Users\021177631\.m2\repository\io\smallrye\common\smallrye-common-constraint\2.1.2\smallrye-common-constraint-2.1.2.jar;C:\Users\021177631\.m2\repository\io\smallrye\common\smallrye-common-cpu\2.1.2\smallrye-common-cpu-2.1.2.jar;C:\Users\021177631\.m2\repository\io\smallrye\common\smallrye-common-expression\2.1.2\smallrye-common-expression-2.1.2.jar;C:\Users\021177631\.m2\repository\io\smallrye\common\smallrye-common-function\2.1.2\smallrye-common-function-2.1.2.jar;C:\Users\021177631\.m2\repository\io\smallrye\common\smallrye-common-net\2.1.2\smallrye-common-net-2.1.2.jar;C:\Users\021177631\.m2\repository\io\smallrye\common\smallrye-common-ref\2.1.2\smallrye-common-ref-2.1.2.jar;C:\Users\021177631\.m2\repository\jakarta\json\jakarta.json-api\2.1.2\jakarta.json-api-2.1.2.jar;C:\Users\021177631\.m2\repository\org\jboss\logging\jboss-logging-annotations\2.2.1.Final\jboss-logging-annotations-2.2.1.Final.jar;C:\Users\021177631\.m2\repository\org\jboss\threads\jboss-threads\3.5.0.Final\jboss-threads-3.5.0.Final.jar;C:\Users\021177631\.m2\repository\org\slf4j\slf4j-api\2.0.6\slf4j-api-2.0.6.jar;C:\Users\021177631\.m2\repository\org\jboss\slf4j\slf4j-jboss-logmanager\2.0.0.Final\slf4j-jboss-logmanager-2.0.0.Final.jar;C:\Users\021177631\.m2\repository\org\wildfly\common\wildfly-common\1.5.4.Final-format-001\wildfly-common-1.5.4.Final-format-001.jar;C:\Users\021177631\.m2\repository\io\quarkus\quarkus-bootstrap-runner\3.5.2\quarkus-bootstrap-runner-3.5.2.jar;C:\Users\021177631\.m2\repository\io\quarkus\quarkus-fs-util\0.0.9\quarkus-fs-util-0.0.9.jar;C:\Users\021177631\.m2\repository\io\quarkus\quarkus-agroal\3.5.2\quarkus-agroal-3.5.2.jar;C:\Users\021177631\.m2\repository\io\quarkus\quarkus-datasource\3.5.2\quarkus-datasource-3.5.2.jar;C:\Users\021177631\.m2\repository\io\agroal\agroal-api\2.1\agroal-api-2.1.jar;C:\Users\021177631\.m2\repository\io\agroal\agroal-narayana\2.1\agroal-narayana-2.1.jar;C:\Users\021177631\.m2\repository\org\jboss\jboss-transaction-spi\8.0.0.Final\jboss-transaction-spi-8.0.0.Final.jar;C:\Users\021177631\.m2\repository\io\agroal\agroal-pool\2.1\agroal-pool-2.1.jar;C:\Users\021177631\.m2\repository\io\quarkus\quarkus-credentials\3.5.2\quarkus-credentials-3.5.2.jar;C:\Users\021177631\.m2\repository\io\quarkus\quarkus-narayana-jta\3.5.2\quarkus-narayana-jta-3.5.2.jar;C:\Users\021177631\.m2\repository\io\quarkus\quarkus-transaction-annotations\3.5.2\quarkus-transaction-annotations-3.5.2.jar;C:\Users\021177631\.m2\repository\io\quarkus\quarkus-mutiny\3.5.2\quarkus-mutiny-3.5.2.jar;C:\Users\021177631\.m2\repository\io\quarkus\quarkus-smallrye-context-propagation\3.5.2\quarkus-smallrye-context-propagation-3.5.2.jar;C:\Users\021177631\.m2\repository\io\smallrye\smallrye-context-propagation\2.1.0\smallrye-context-propagation-2.1.0.jar;C:\Users\021177631\.m2\repository\io\smallrye\smallrye-context-propagation-api\2.1.0\smallrye-context-propagation-api-2.1.0.jar;C:\Users\021177631\.m2\repository\io\smallrye\smallrye-context-propagation-storage\2.1.0\smallrye-context-propagation-storage-2.1.0.jar;C:\Users\021177631\.m2\repository\io\smallrye\reactive\mutiny-smallrye-context-propagation\2.5.1\mutiny-smallrye-context-propagation-2.5.1.jar;C:\Users\021177631\.m2\repository\io\quarkus\quarkus-datasource-common\3.5.2\quarkus-datasource-common-3.5.2.jar;C:\Users\021177631\.m2\repository\io\smallrye\smallrye-context-propagation-jta\2.1.0\smallrye-context-propagation-jta-2.1.0.jar;C:\Users\021177631\.m2\repository\io\smallrye\reactive\smallrye-reactive-converter-api\3.0.1\smallrye-reactive-converter-api-3.0.1.jar;C:\Users\021177631\.m2\repository\org\reactivestreams\reactive-streams\1.0.4\reactive-streams-1.0.4.jar;C:\Users\021177631\.m2\repository\io\smallrye\reactive\smallrye-reactive-converter-mutiny\3.0.1\smallrye-reactive-converter-mutiny-3.0.1.jar;C:\Users\021177631\.m2\repository\io\smallrye\reactive\mutiny-zero-flow-adapters\1.0.0\mutiny-zero-flow-adapters-1.0.0.jar;C:\Users\021177631\.m2\repository\org\jboss\narayana\jta\narayana-jta\7.0.0.Final\narayana-jta-7.0.0.Final.jar;C:\Users\021177631\.m2\repository\jakarta\resource\jakarta.resource-api\2.1.0\jakarta.resource-api-2.1.0.jar;C:\Users\021177631\.m2\repository\org\jboss\invocation\jboss-invocation\2.0.0.Final\jboss-invocation-2.0.0.Final.jar;C:\Users\021177631\.m2\repository\jakarta\ejb\jakarta.ejb-api\4.0.1\jakarta.ejb-api-4.0.1.jar;C:\Users\021177631\.m2\repository\org\eclipse\microprofile\reactive-streams-operators\microprofile-reactive-streams-operators-api\3.0\microprofile-reactive-streams-operators-api-3.0.jar;C:\Users\021177631\.m2\repository\org\jboss\narayana\jts\narayana-jts-integration\7.0.0.Final\narayana-jts-integration-7.0.0.Final.jar;C:\Users\021177631\.m2\repository\org\hibernate\orm\hibernate-core\6.2.13.Final\hibernate-core-6.2.13.Final.jar;C:\Users\021177631\.m2\repository\com\fasterxml\classmate\1.5.1\classmate-1.5.1.jar;C:\Users\021177631\.m2\repository\org\antlr\antlr4-runtime\4.10.1\antlr4-runtime-4.10.1.jar;C:\Users\021177631\.m2\repository\net\bytebuddy\byte-buddy\1.14.7\byte-buddy-1.14.7.jar;C:\Users\021177631\.m2\repository\org\hibernate\common\hibernate-commons-annotations\6.0.6.Final\hibernate-commons-annotations-6.0.6.Final.jar;C:\Users\021177631\.m2\repository\org\hibernate\orm\hibernate-graalvm\6.2.13.Final\hibernate-graalvm-6.2.13.Final.jar;C:\Users\021177631\.m2\repository\org\glassfish\jaxb\jaxb-runtime\4.0.3\jaxb-runtime-4.0.3.jar;C:\Users\021177631\.m2\repository\org\glassfish\jaxb\jaxb-core\4.0.3\jaxb-core-4.0.3.jar;C:\Users\021177631\.m2\repository\org\eclipse\angus\angus-activation\2.0.1\angus-activation-2.0.1.jar;C:\Users\021177631\.m2\repository\org\glassfish\jaxb\txw2\4.0.3\txw2-4.0.3.jar;C:\Users\021177631\.m2\repository\com\sun\istack\istack-commons-runtime\4.1.2\istack-commons-runtime-4.1.2.jar;C:\Users\021177631\.m2\repository\jakarta\xml\bind\jakarta.xml.bind-api\4.0.1\jakarta.xml.bind-api-4.0.1.jar;C:\Users\021177631\.m2\repository\jakarta\activation\jakarta.activation-api\2.1.2\jakarta.activation-api-2.1.2.jar;C:\Users\021177631\.m2\repository\jakarta\persistence\jakarta.persistence-api\3.1.0\jakarta.persistence-api-3.1.0.jar;C:\Users\021177631\.m2\repository\jakarta\transaction\jakarta.transaction-api\2.0.1\jakarta.transaction-api-2.0.1.jar;C:\Users\021177631\.m2\repository\org\hibernate\quarkus-local-cache\0.2.1\quarkus-local-cache-0.2.1.jar;C:\Users\021177631\.m2\repository\io\quarkus\quarkus-caffeine\3.5.2\quarkus-caffeine-3.5.2.jar;C:\Users\021177631\.m2\repository\com\github\ben-manes\caffeine\caffeine\3.1.5\caffeine-3.1.5.jar;C:\Users\021177631\.m2\repository\com\google\errorprone\error_prone_annotations\2.22.0\error_prone_annotations-2.22.0.jar;C:\Users\021177631\.m2\repository\io\quarkus\quarkus-arc\3.5.2\quarkus-arc-3.5.2.jar;C:\Users\021177631\.m2\repository\io\quarkus\arc\arc\3.5.2\arc-3.5.2.jar;C:\Users\021177631\.m2\repository\io\smallrye\reactive\mutiny\2.5.1\mutiny-2.5.1.jar;C:\Users\021177631\.m2\repository\io\smallrye\common\smallrye-common-annotation\2.1.2\smallrye-common-annotation-2.1.2.jar;C:\Users\021177631\.m2\repository\org\eclipse\microprofile\context-propagation\microprofile-context-propagation-api\1.3\microprofile-context-propagation-api-1.3.jar;C:\Users\021177631\.m2\repository\io\quarkus\quarkus-resteasy-reactive\3.5.2\quarkus-resteasy-reactive-3.5.2.jar;C:\Users\021177631\.m2\repository\io\quarkus\quarkus-resteasy-reactive-common\3.5.2\quarkus-resteasy-reactive-common-3.5.2.jar;C:\Users\021177631\.m2\repository\io\quarkus\resteasy\reactive\resteasy-reactive-common\3.5.2\resteasy-reactive-common-3.5.2.jar;C:\Users\021177631\.m2\repository\io\quarkus\resteasy\reactive\resteasy-reactive-common-types\3.5.2\resteasy-reactive-common-types-3.5.2.jar;C:\Users\021177631\.m2\repository\io\quarkus\quarkus-vertx\3.5.2\quarkus-vertx-3.5.2.jar;C:\Users\021177631\.m2\repository\io\quarkus\quarkus-netty\3.5.2\quarkus-netty-3.5.2.jar;C:\Users\021177631\.m2\repository\io\netty\netty-codec\4.1.100.Final\netty-codec-4.1.100.Final.jar;C:\Users\021177631\.m2\repository\com\aayushatharva\brotli4j\brotli4j\1.12.0\brotli4j-1.12.0.jar;C:\Users\021177631\.m2\repository\com\aayushatharva\brotli4j\service\1.12.0\service-1.12.0.jar;C:\Users\021177631\.m2\repository\com\aayushatharva\brotli4j\native-windows-x86_64\1.12.0\native-windows-x86_64-1.12.0.jar;C:\Users\021177631\.m2\repository\io\netty\netty-codec-haproxy\4.1.100.Final\netty-codec-haproxy-4.1.100.Final.jar;C:\Users\021177631\.m2\repository\io\quarkus\quarkus-vertx-latebound-mdc-provider\3.5.2\quarkus-vertx-latebound-mdc-provider-3.5.2.jar;C:\Users\021177631\.m2\repository\io\smallrye\smallrye-fault-tolerance-vertx\6.2.6\smallrye-fault-tolerance-vertx-6.2.6.jar;C:\Users\021177631\.m2\repository\io\quarkus\resteasy\reactive\resteasy-reactive-vertx\3.5.2\resteasy-reactive-vertx-3.5.2.jar;C:\Users\021177631\.m2\repository\io\vertx\vertx-web\4.4.6\vertx-web-4.4.6.jar;C:\Users\021177631\.m2\repository\io\vertx\vertx-web-common\4.4.6\vertx-web-common-4.4.6.jar;C:\Users\021177631\.m2\repository\io\vertx\vertx-auth-common\4.4.6\vertx-auth-common-4.4.6.jar;C:\Users\021177631\.m2\repository\io\vertx\vertx-bridge-common\4.4.6\vertx-bridge-common-4.4.6.jar;C:\Users\021177631\.m2\repository\io\smallrye\reactive\smallrye-mutiny-vertx-core\3.7.2\smallrye-mutiny-vertx-core-3.7.2.jar;C:\Users\021177631\.m2\repository\io\smallrye\reactive\smallrye-mutiny-vertx-runtime\3.7.2\smallrye-mutiny-vertx-runtime-3.7.2.jar;C:\Users\021177631\.m2\repository\io\smallrye\reactive\vertx-mutiny-generator\3.7.2\vertx-mutiny-generator-3.7.2.jar;C:\Users\021177631\.m2\repository\io\vertx\vertx-codegen\4.4.6\vertx-codegen-4.4.6.jar;C:\Users\021177631\.m2\repository\io\quarkus\resteasy\reactive\resteasy-reactive\3.5.2\resteasy-reactive-3.5.2.jar;C:\Users\021177631\.m2\repository\org\jboss\logging\commons-logging-jboss-logging\1.0.0.Final\commons-logging-jboss-logging-1.0.0.Final.jar;C:\Users\021177631\.m2\repository\io\quarkus\quarkus-vertx-http\3.5.2\quarkus-vertx-http-3.5.2.jar;C:\Users\021177631\.m2\repository\io\quarkus\quarkus-security-runtime-spi\3.5.2\quarkus-security-runtime-spi-3.5.2.jar;C:\Users\021177631\.m2\repository\io\smallrye\common\smallrye-common-vertx-context\2.1.2\smallrye-common-vertx-context-2.1.2.jar;C:\Users\021177631\.m2\repository\io\quarkus\security\quarkus-security\2.0.2.Final\quarkus-security-2.0.2.Final.jar;C:\Users\021177631\.m2\repository\io\smallrye\reactive\smallrye-mutiny-vertx-web\3.7.2\smallrye-mutiny-vertx-web-3.7.2.jar;C:\Users\021177631\.m2\repository\io\smallrye\reactive\smallrye-mutiny-vertx-web-common\3.7.2\smallrye-mutiny-vertx-web-common-3.7.2.jar;C:\Users\021177631\.m2\repository\io\smallrye\reactive\smallrye-mutiny-vertx-auth-common\3.7.2\smallrye-mutiny-vertx-auth-common-3.7.2.jar;C:\Users\021177631\.m2\repository\io\smallrye\reactive\smallrye-mutiny-vertx-bridge-common\3.7.2\smallrye-mutiny-vertx-bridge-common-3.7.2.jar;C:\Users\021177631\.m2\repository\io\smallrye\reactive\smallrye-mutiny-vertx-uri-template\3.7.2\smallrye-mutiny-vertx-uri-template-3.7.2.jar;C:\Users\021177631\.m2\repository\io\vertx\vertx-uri-template\4.4.6\vertx-uri-template-4.4.6.jar;C:\Users\021177631\.m2\repository\io\github\crac\org-crac\0.1.3\org-crac-0.1.3.jar;C:\Users\021177631\.m2\repository\io\quarkus\quarkus-jsonp\3.5.2\quarkus-jsonp-3.5.2.jar;C:\Users\021177631\.m2\repository\org\eclipse\parsson\parsson\1.1.5\parsson-1.1.5.jar;C:\Users\021177631\.m2\repository\io\quarkus\quarkus-virtual-threads\3.5.2\quarkus-virtual-threads-3.5.2.jar;C:\Users\021177631\.m2\repository\io\vertx\vertx-core\4.4.6\vertx-core-4.4.6.jar;C:\Users\021177631\.m2\repository\io\netty\netty-common\4.1.100.Final\netty-common-4.1.100.Final.jar;C:\Users\021177631\.m2\repository\io\netty\netty-buffer\4.1.100.Final\netty-buffer-4.1.100.Final.jar;C:\Users\021177631\.m2\repository\io\netty\netty-transport\4.1.100.Final\netty-transport-4.1.100.Final.jar;C:\Users\021177631\.m2\repository\io\netty\netty-handler\4.1.100.Final\netty-handler-4.1.100.Final.jar;C:\Users\021177631\.m2\repository\io\netty\netty-transport-native-unix-common\4.1.100.Final\netty-transport-native-unix-common-4.1.100.Final.jar;C:\Users\021177631\.m2\repository\io\netty\netty-handler-proxy\4.1.100.Final\netty-handler-proxy-4.1.100.Final.jar;C:\Users\021177631\.m2\repository\io\netty\netty-codec-socks\4.1.100.Final\netty-codec-socks-4.1.100.Final.jar;C:\Users\021177631\.m2\repository\io\netty\netty-codec-http\4.1.100.Final\netty-codec-http-4.1.100.Final.jar;C:\Users\021177631\.m2\repository\io\netty\netty-codec-http2\4.1.100.Final\netty-codec-http2-4.1.100.Final.jar;C:\Users\021177631\.m2\repository\io\netty\netty-resolver\4.1.100.Final\netty-resolver-4.1.100.Final.jar;C:\Users\021177631\.m2\repository\io\netty\netty-resolver-dns\4.1.100.Final\netty-resolver-dns-4.1.100.Final.jar;C:\Users\021177631\.m2\repository\io\netty\netty-codec-dns\4.1.100.Final\netty-codec-dns-4.1.100.Final.jar;C:\Users\021177631\.m2\repository\com\fasterxml\jackson\core\jackson-core\2.15.3\jackson-core-2.15.3.jar;C:\Users\021177631\.m2\repository\io\quarkus\quarkus-junit5\3.5.2\quarkus-junit5-3.5.2.jar;C:\Users\021177631\.m2\repository\io\quarkus\quarkus-bootstrap-core\3.5.2\quarkus-bootstrap-core-3.5.2.jar;C:\Users\021177631\.m2\repository\io\quarkus\quarkus-bootstrap-app-model\3.5.2\quarkus-bootstrap-app-model-3.5.2.jar;C:\Users\021177631\.m2\repository\io\smallrye\common\smallrye-common-io\2.1.2\smallrye-common-io-2.1.2.jar;C:\Users\021177631\.m2\repository\org\eclipse\sisu\org.eclipse.sisu.inject\0.3.5\org.eclipse.sisu.inject-0.3.5.jar;C:\Users\021177631\.m2\repository\io\quarkus\quarkus-test-common\3.5.2\quarkus-test-common-3.5.2.jar;C:\Users\021177631\.m2\repository\io\quarkus\quarkus-core-deployment\3.5.2\quarkus-core-deployment-3.5.2.jar;C:\Users\021177631\.m2\repository\org\aesh\readline\2.4\readline-2.4.jar;C:\Users\021177631\.m2\repository\org\fusesource\jansi\jansi\2.4.0\jansi-2.4.0.jar;C:\Users\021177631\.m2\repository\org\aesh\aesh\2.7\aesh-2.7.jar;C:\Users\021177631\.m2\repository\io\quarkus\gizmo\gizmo\1.7.0\gizmo-1.7.0.jar;C:\Users\021177631\.m2\repository\org\ow2\asm\asm-util\9.5\asm-util-9.5.jar;C:\Users\021177631\.m2\repository\org\ow2\asm\asm-analysis\9.5\asm-analysis-9.5.jar;C:\Users\021177631\.m2\repository\org\ow2\asm\asm\9.5\asm-9.5.jar;C:\Users\021177631\.m2\repository\org\ow2\asm\asm-commons\9.5\asm-commons-9.5.jar;C:\Users\021177631\.m2\repository\org\ow2\asm\asm-tree\9.5\asm-tree-9.5.jar;C:\Users\021177631\.m2\repository\io\quarkus\quarkus-class-change-agent\3.5.2\quarkus-class-change-agent-3.5.2.jar;C:\Users\021177631\.m2\repository\io\quarkus\quarkus-devtools-utilities\3.5.2\quarkus-devtools-utilities-3.5.2.jar;C:\Users\021177631\.m2\repository\io\quarkus\quarkus-builder\3.5.2\quarkus-builder-3.5.2.jar;C:\Users\021177631\.m2\repository\org\graalvm\sdk\graal-sdk\23.0.1\graal-sdk-23.0.1.jar;C:\Users\021177631\.m2\repository\org\junit\platform\junit-platform-launcher\1.10.0\junit-platform-launcher-1.10.0.jar;C:\Users\021177631\.m2\repository\io\quarkus\quarkus-bootstrap-maven-resolver\3.5.2\quarkus-bootstrap-maven-resolver-3.5.2.jar;C:\Users\021177631\.m2\repository\io\smallrye\beanbag\smallrye-beanbag-maven\1.3.2\smallrye-beanbag-maven-1.3.2.jar;C:\Users\021177631\.m2\repository\io\smallrye\beanbag\smallrye-beanbag-sisu\1.3.2\smallrye-beanbag-sisu-1.3.2.jar;C:\Users\021177631\.m2\repository\io\smallrye\beanbag\smallrye-beanbag\1.3.2\smallrye-beanbag-1.3.2.jar;C:\Users\021177631\.m2\repository\javax\inject\javax.inject\1\javax.inject-1.jar;C:\Users\021177631\.m2\repository\org\apache\maven\maven-artifact\3.9.5\maven-artifact-3.9.5.jar;C:\Users\021177631\.m2\repository\org\apache\maven\maven-builder-support\3.9.5\maven-builder-support-3.9.5.jar;C:\Users\021177631\.m2\repository\org\apache\maven\maven-model\3.9.5\maven-model-3.9.5.jar;C:\Users\021177631\.m2\repository\org\apache\maven\maven-model-builder\3.9.5\maven-model-builder-3.9.5.jar;C:\Users\021177631\.m2\repository\org\apache\maven\maven-repository-metadata\3.9.5\maven-repository-metadata-3.9.5.jar;C:\Users\021177631\.m2\repository\org\apache\maven\maven-settings\3.9.5\maven-settings-3.9.5.jar;C:\Users\021177631\.m2\repository\org\apache\maven\resolver\maven-resolver-api\1.9.13\maven-resolver-api-1.9.13.jar;C:\Users\021177631\.m2\repository\org\apache\maven\resolver\maven-resolver-impl\1.9.13\maven-resolver-impl-1.9.13.jar;C:\Users\021177631\.m2\repository\org\apache\maven\resolver\maven-resolver-named-locks\1.9.13\maven-resolver-named-locks-1.9.13.jar;C:\Users\021177631\.m2\repository\org\apache\maven\resolver\maven-resolver-spi\1.9.13\maven-resolver-spi-1.9.13.jar;C:\Users\021177631\.m2\repository\org\apache\maven\resolver\maven-resolver-util\1.9.13\maven-resolver-util-1.9.13.jar;C:\Users\021177631\.m2\repository\org\apache\maven\resolver\maven-resolver-transport-http\1.9.10\maven-resolver-transport-http-1.9.10.jar;C:\Users\021177631\.m2\repository\org\apache\maven\wagon\wagon-provider-api\3.5.3\wagon-provider-api-3.5.3.jar;C:\Users\021177631\.m2\repository\org\apache\maven\wagon\wagon-http-shared\3.5.3\wagon-http-shared-3.5.3.jar;C:\Users\021177631\.m2\repository\org\codehaus\plexus\plexus-interpolation\1.26\plexus-interpolation-1.26.jar;C:\Users\021177631\.m2\repository\org\codehaus\plexus\plexus-utils\3.5.1\plexus-utils-3.5.1.jar;C:\Users\021177631\.m2\repository\org\codehaus\plexus\plexus-xml\4.0.0\plexus-xml-4.0.0.jar;C:\Users\021177631\.m2\repository\org\apache\maven\maven-xml-impl\4.0.0-alpha-5\maven-xml-impl-4.0.0-alpha-5.jar;C:\Users\021177631\.m2\repository\org\apache\maven\maven-api-xml\4.0.0-alpha-5\maven-api-xml-4.0.0-alpha-5.jar;C:\Users\021177631\.m2\repository\org\apache\maven\maven-api-meta\4.0.0-alpha-5\maven-api-meta-4.0.0-alpha-5.jar;C:\Users\021177631\.m2\repository\org\codehaus\plexus\plexus-cipher\2.0\plexus-cipher-2.0.jar;C:\Users\021177631\.m2\repository\org\codehaus\plexus\plexus-sec-dispatcher\2.0\plexus-sec-dispatcher-2.0.jar;C:\Users\021177631\.m2\repository\org\apache\maven\maven-embedder\3.9.5\maven-embedder-3.9.5.jar;C:\Users\021177631\.m2\repository\org\apache\maven\maven-core\3.9.5\maven-core-3.9.5.jar;C:\Users\021177631\.m2\repository\org\codehaus\plexus\plexus-component-annotations\2.1.0\plexus-component-annotations-2.1.0.jar;C:\Users\021177631\.m2\repository\org\apache\maven\maven-plugin-api\3.9.5\maven-plugin-api-3.9.5.jar;C:\Users\021177631\.m2\repository\org\apache\maven\shared\maven-shared-utils\3.3.4\maven-shared-utils-3.3.4.jar;C:\Users\021177631\.m2\repository\com\google\inject\guice\5.1.0\guice-5.1.0.jar;C:\Users\021177631\.m2\repository\aopalliance\aopalliance\1.0\aopalliance-1.0.jar;C:\Users\021177631\.m2\repository\com\google\guava\guava\32.1.2-jre\guava-32.1.2-jre.jar;C:\Users\021177631\.m2\repository\com\google\guava\failureaccess\1.0.1\failureaccess-1.0.1.jar;C:\Users\021177631\.m2\repository\javax\annotation\javax.annotation-api\1.3.2\javax.annotation-api-1.3.2.jar;C:\Users\021177631\.m2\repository\org\codehaus\plexus\plexus-classworlds\2.6.0\plexus-classworlds-2.6.0.jar;C:\Users\021177631\.m2\repository\commons-cli\commons-cli\1.5.0\commons-cli-1.5.0.jar;C:\Users\021177631\.m2\repository\org\eclipse\sisu\org.eclipse.sisu.plexus\0.3.5\org.eclipse.sisu.plexus-0.3.5.jar;C:\Users\021177631\.m2\repository\org\apache\maven\maven-settings-builder\3.9.5\maven-settings-builder-3.9.5.jar;C:\Users\021177631\.m2\repository\org\apache\maven\maven-resolver-provider\3.9.5\maven-resolver-provider-3.9.5.jar;C:\Users\021177631\.m2\repository\org\apache\maven\resolver\maven-resolver-connector-basic\1.9.13\maven-resolver-connector-basic-1.9.13.jar;C:\Users\021177631\.m2\repository\org\apache\maven\resolver\maven-resolver-transport-wagon\1.9.13\maven-resolver-transport-wagon-1.9.13.jar;C:\Users\021177631\.m2\repository\org\apache\maven\wagon\wagon-http\3.5.3\wagon-http-3.5.3.jar;C:\Users\021177631\.m2\repository\org\apache\maven\wagon\wagon-file\3.5.3\wagon-file-3.5.3.jar;C:\Users\021177631\.m2\repository\io\quarkus\quarkus-bootstrap-gradle-resolver\3.5.2\quarkus-bootstrap-gradle-resolver-3.5.2.jar;C:\Users\021177631\.m2\repository\io\smallrye\jandex\3.1.5\jandex-3.1.5.jar;C:\Users\021177631\.m2\repository\commons-io\commons-io\2.13.0\commons-io-2.13.0.jar;C:\Users\021177631\.m2\repository\io\quarkus\quarkus-junit5-properties\3.5.2\quarkus-junit5-properties-3.5.2.jar;C:\Users\021177631\.m2\repository\org\junit\jupiter\junit-jupiter\5.10.0\junit-jupiter-5.10.0.jar;C:\Users\021177631\.m2\repository\org\junit\jupiter\junit-jupiter-api\5.10.0\junit-jupiter-api-5.10.0.jar;C:\Users\021177631\.m2\repository\org\opentest4j\opentest4j\1.3.0\opentest4j-1.3.0.jar;C:\Users\021177631\.m2\repository\org\junit\platform\junit-platform-commons\1.10.0\junit-platform-commons-1.10.0.jar;C:\Users\021177631\.m2\repository\org\apiguardian\apiguardian-api\1.1.2\apiguardian-api-1.1.2.jar;C:\Users\021177631\.m2\repository\org\junit\jupiter\junit-jupiter-params\5.10.0\junit-jupiter-params-5.10.0.jar;C:\Users\021177631\.m2\repository\org\junit\jupiter\junit-jupiter-engine\5.10.0\junit-jupiter-engine-5.10.0.jar;C:\Users\021177631\.m2\repository\org\junit\platform\junit-platform-engine\1.10.0\junit-platform-engine-1.10.0.jar;C:\Users\021177631\.m2\repository\com\thoughtworks\xstream\xstream\1.4.20\xstream-1.4.20.jar;C:\Users\021177631\.m2\repository\io\github\x-stream\mxparser\1.2.2\mxparser-1.2.2.jar;C:\Users\021177631\.m2\repository\xmlpull\xmlpull\1.1.3.1\xmlpull-1.1.3.1.jar;C:\Users\021177631\.m2\repository\io\rest-assured\rest-assured\5.3.0\rest-assured-5.3.0.jar;C:\Users\021177631\.m2\repository\org\apache\groovy\groovy\4.0.6\groovy-4.0.6.jar;C:\Users\021177631\.m2\repository\org\apache\groovy\groovy-xml\4.0.6\groovy-xml-4.0.6.jar;C:\Users\021177631\.m2\repository\org\apache\httpcomponents\httpclient\4.5.14\httpclient-4.5.14.jar;C:\Users\021177631\.m2\repository\org\apache\httpcomponents\httpcore\4.4.16\httpcore-4.4.16.jar;C:\Users\021177631\.m2\repository\commons-codec\commons-codec\1.16.0\commons-codec-1.16.0.jar;C:\Users\021177631\.m2\repository\org\apache\httpcomponents\httpmime\4.5.14\httpmime-4.5.14.jar;C:\Users\021177631\.m2\repository\org\hamcrest\hamcrest\2.1\hamcrest-2.1.jar;C:\Users\021177631\.m2\repository\org\ccil\cowan\tagsoup\tagsoup\1.2.1\tagsoup-1.2.1.jar;C:\Users\021177631\.m2\repository\io\rest-assured\json-path\5.3.0\json-path-5.3.0.jar;C:\Users\021177631\.m2\repository\org\apache\groovy\groovy-json\4.0.6\groovy-json-4.0.6.jar;C:\Users\021177631\.m2\repository\io\rest-assured\rest-assured-common\5.3.0\rest-assured-common-5.3.0.jar;C:\Users\021177631\.m2\repository\io\rest-assured\xml-path\5.3.0\xml-path-5.3.0.jar;C:\Users\021177631\.m2\repository\org\apache\commons\commons-lang3\3.12.0\commons-lang3-3.12.0.jar;"/>
    <property name="java.vm.vendor" value="Amazon.com Inc."/>
    <property name="sun.arch.data.model" value="64"/>
    <property name="user.variant" value=""/>
    <property name="java.vendor.url" value="https://aws.amazon.com/corretto/"/>
    <property name="user.timezone" value="America/Sao_Paulo"/>
    <property name="os.name" value="Windows 11"/>
    <property name="java.vm.specification.version" value="19"/>
    <property name="sun.java.launcher" value="SUN_STANDARD"/>
    <property name="user.country" value="BR"/>
    <property name="groovy.use.classvalue" value="false"/>
    <property name="sun.boot.library.path" value="C:\Users\021177631\.jdks\corretto-19.0.2\bin"/>
    <property name="sun.java.command" value="C:\Users\021177631\AppData\Local\Temp\surefire6855162266461090569\surefirebooter-20231120140911706_3.jar C:\Users\021177631\AppData\Local\Temp\surefire6855162266461090569 2023-11-20T14-09-10_395-jvmRun1 surefire-20231120140911706_1tmp surefire_0-20231120140911706_2tmp"/>
    <property name="maven.home" value="C:\Program Files\JetBrains\IntelliJ IDEA Community Edition 2023.2.2\plugins\maven\lib\maven3"/>
    <property name="jdk.debug" value="release"/>
    <property name="surefire.test.class.path" value="C:\Users\021177631\Documents\exercicios\code-with-quarkus (1)\code-with-quarkus\target\test-classes;C:\Users\021177631\Documents\exercicios\code-with-quarkus (1)\code-with-quarkus\target\classes;C:\Users\021177631\.m2\repository\io\quarkus\quarkus-hibernate-orm-rest-data-panache\3.5.2\quarkus-hibernate-orm-rest-data-panache-3.5.2.jar;C:\Users\021177631\.m2\repository\io\quarkus\quarkus-rest-data-panache\3.5.2\quarkus-rest-data-panache-3.5.2.jar;C:\Users\021177631\.m2\repository\io\quarkus\quarkus-panache-common\3.5.2\quarkus-panache-common-3.5.2.jar;C:\Users\021177631\.m2\repository\io\quarkus\quarkus-hal\3.5.2\quarkus-hal-3.5.2.jar;C:\Users\021177631\.m2\repository\jakarta\ws\rs\jakarta.ws.rs-api\3.1.0\jakarta.ws.rs-api-3.1.0.jar;C:\Users\021177631\.m2\repository\jakarta\validation\jakarta.validation-api\3.0.2\jakarta.validation-api-3.0.2.jar;C:\Users\021177631\.m2\repository\io\quarkus\quarkus-hibernate-orm-panache\3.5.2\quarkus-hibernate-orm-panache-3.5.2.jar;C:\Users\021177631\.m2\repository\io\quarkus\quarkus-hibernate-orm-panache-common\3.5.2\quarkus-hibernate-orm-panache-common-3.5.2.jar;C:\Users\021177631\.m2\repository\io\quarkus\quarkus-panache-hibernate-common\3.5.2\quarkus-panache-hibernate-common-3.5.2.jar;C:\Users\021177631\.m2\repository\io\quarkus\quarkus-resteasy-reactive-jackson\3.5.2\quarkus-resteasy-reactive-jackson-3.5.2.jar;C:\Users\021177631\.m2\repository\io\quarkus\quarkus-resteasy-reactive-jackson-common\3.5.2\quarkus-resteasy-reactive-jackson-common-3.5.2.jar;C:\Users\021177631\.m2\repository\io\quarkus\resteasy\reactive\resteasy-reactive-jackson\3.5.2\resteasy-reactive-jackson-3.5.2.jar;C:\Users\021177631\.m2\repository\com\fasterxml\jackson\core\jackson-databind\2.15.3\jackson-databind-2.15.3.jar;C:\Users\021177631\.m2\repository\com\fasterxml\jackson\core\jackson-annotations\2.15.3\jackson-annotations-2.15.3.jar;C:\Users\021177631\.m2\repository\io\quarkus\quarkus-jackson\3.5.2\quarkus-jackson-3.5.2.jar;C:\Users\021177631\.m2\repository\com\fasterxml\jackson\datatype\jackson-datatype-jsr310\2.15.3\jackson-datatype-jsr310-2.15.3.jar;C:\Users\021177631\.m2\repository\com\fasterxml\jackson\datatype\jackson-datatype-jdk8\2.15.3\jackson-datatype-jdk8-2.15.3.jar;C:\Users\021177631\.m2\repository\com\fasterxml\jackson\module\jackson-module-parameter-names\2.15.3\jackson-module-parameter-names-2.15.3.jar;C:\Users\021177631\.m2\repository\io\quarkus\quarkus-hibernate-orm\3.5.2\quarkus-hibernate-orm-3.5.2.jar;C:\Users\021177631\.m2\repository\io\quarkus\quarkus-core\3.5.2\quarkus-core-3.5.2.jar;C:\Users\021177631\.m2\repository\jakarta\annotation\jakarta.annotation-api\2.1.1\jakarta.annotation-api-2.1.1.jar;C:\Users\021177631\.m2\repository\jakarta\enterprise\jakarta.enterprise.cdi-api\4.0.1\jakarta.enterprise.cdi-api-4.0.1.jar;C:\Users\021177631\.m2\repository\jakarta\enterprise\jakarta.enterprise.lang-model\4.0.1\jakarta.enterprise.lang-model-4.0.1.jar;C:\Users\021177631\.m2\repository\jakarta\el\jakarta.el-api\5.0.1\jakarta.el-api-5.0.1.jar;C:\Users\021177631\.m2\repository\jakarta\interceptor\jakarta.interceptor-api\2.1.0\jakarta.interceptor-api-2.1.0.jar;C:\Users\021177631\.m2\repository\jakarta\inject\jakarta.inject-api\2.0.1\jakarta.inject-api-2.0.1.jar;C:\Users\021177631\.m2\repository\io\smallrye\common\smallrye-common-os\2.1.2\smallrye-common-os-2.1.2.jar;C:\Users\021177631\.m2\repository\io\quarkus\quarkus-ide-launcher\3.5.2\quarkus-ide-launcher-3.5.2.jar;C:\Users\021177631\.m2\repository\io\quarkus\quarkus-development-mode-spi\3.5.2\quarkus-development-mode-spi-3.5.2.jar;C:\Users\021177631\.m2\repository\io\smallrye\config\smallrye-config\3.4.4\smallrye-config-3.4.4.jar;C:\Users\021177631\.m2\repository\io\smallrye\config\smallrye-config-core\3.4.4\smallrye-config-core-3.4.4.jar;C:\Users\021177631\.m2\repository\org\eclipse\microprofile\config\microprofile-config-api\3.0.3\microprofile-config-api-3.0.3.jar;C:\Users\021177631\.m2\repository\io\smallrye\common\smallrye-common-classloader\2.1.2\smallrye-common-classloader-2.1.2.jar;C:\Users\021177631\.m2\repository\io\smallrye\config\smallrye-config-common\3.4.4\smallrye-config-common-3.4.4.jar;C:\Users\021177631\.m2\repository\org\jboss\logging\jboss-logging\3.5.3.Final\jboss-logging-3.5.3.Final.jar;C:\Users\021177631\.m2\repository\org\jboss\logmanager\jboss-logmanager\3.0.2.Final\jboss-logmanager-3.0.2.Final.jar;C:\Users\021177631\.m2\repository\io\smallrye\common\smallrye-common-constraint\2.1.2\smallrye-common-constraint-2.1.2.jar;C:\Users\021177631\.m2\repository\io\smallrye\common\smallrye-common-cpu\2.1.2\smallrye-common-cpu-2.1.2.jar;C:\Users\021177631\.m2\repository\io\smallrye\common\smallrye-common-expression\2.1.2\smallrye-common-expression-2.1.2.jar;C:\Users\021177631\.m2\repository\io\smallrye\common\smallrye-common-function\2.1.2\smallrye-common-function-2.1.2.jar;C:\Users\021177631\.m2\repository\io\smallrye\common\smallrye-common-net\2.1.2\smallrye-common-net-2.1.2.jar;C:\Users\021177631\.m2\repository\io\smallrye\common\smallrye-common-ref\2.1.2\smallrye-common-ref-2.1.2.jar;C:\Users\021177631\.m2\repository\jakarta\json\jakarta.json-api\2.1.2\jakarta.json-api-2.1.2.jar;C:\Users\021177631\.m2\repository\org\jboss\logging\jboss-logging-annotations\2.2.1.Final\jboss-logging-annotations-2.2.1.Final.jar;C:\Users\021177631\.m2\repository\org\jboss\threads\jboss-threads\3.5.0.Final\jboss-threads-3.5.0.Final.jar;C:\Users\021177631\.m2\repository\org\slf4j\slf4j-api\2.0.6\slf4j-api-2.0.6.jar;C:\Users\021177631\.m2\repository\org\jboss\slf4j\slf4j-jboss-logmanager\2.0.0.Final\slf4j-jboss-logmanager-2.0.0.Final.jar;C:\Users\021177631\.m2\repository\org\wildfly\common\wildfly-common\1.5.4.Final-format-001\wildfly-common-1.5.4.Final-format-001.jar;C:\Users\021177631\.m2\repository\io\quarkus\quarkus-bootstrap-runner\3.5.2\quarkus-bootstrap-runner-3.5.2.jar;C:\Users\021177631\.m2\repository\io\quarkus\quarkus-fs-util\0.0.9\quarkus-fs-util-0.0.9.jar;C:\Users\021177631\.m2\repository\io\quarkus\quarkus-agroal\3.5.2\quarkus-agroal-3.5.2.jar;C:\Users\021177631\.m2\repository\io\quarkus\quarkus-datasource\3.5.2\quarkus-datasource-3.5.2.jar;C:\Users\021177631\.m2\repository\io\agroal\agroal-api\2.1\agroal-api-2.1.jar;C:\Users\021177631\.m2\repository\io\agroal\agroal-narayana\2.1\agroal-narayana-2.1.jar;C:\Users\021177631\.m2\repository\org\jboss\jboss-transaction-spi\8.0.0.Final\jboss-transaction-spi-8.0.0.Final.jar;C:\Users\021177631\.m2\repository\io\agroal\agroal-pool\2.1\agroal-pool-2.1.jar;C:\Users\021177631\.m2\repository\io\quarkus\quarkus-credentials\3.5.2\quarkus-credentials-3.5.2.jar;C:\Users\021177631\.m2\repository\io\quarkus\quarkus-narayana-jta\3.5.2\quarkus-narayana-jta-3.5.2.jar;C:\Users\021177631\.m2\repository\io\quarkus\quarkus-transaction-annotations\3.5.2\quarkus-transaction-annotations-3.5.2.jar;C:\Users\021177631\.m2\repository\io\quarkus\quarkus-mutiny\3.5.2\quarkus-mutiny-3.5.2.jar;C:\Users\021177631\.m2\repository\io\quarkus\quarkus-smallrye-context-propagation\3.5.2\quarkus-smallrye-context-propagation-3.5.2.jar;C:\Users\021177631\.m2\repository\io\smallrye\smallrye-context-propagation\2.1.0\smallrye-context-propagation-2.1.0.jar;C:\Users\021177631\.m2\repository\io\smallrye\smallrye-context-propagation-api\2.1.0\smallrye-context-propagation-api-2.1.0.jar;C:\Users\021177631\.m2\repository\io\smallrye\smallrye-context-propagation-storage\2.1.0\smallrye-context-propagation-storage-2.1.0.jar;C:\Users\021177631\.m2\repository\io\smallrye\reactive\mutiny-smallrye-context-propagation\2.5.1\mutiny-smallrye-context-propagation-2.5.1.jar;C:\Users\021177631\.m2\repository\io\quarkus\quarkus-datasource-common\3.5.2\quarkus-datasource-common-3.5.2.jar;C:\Users\021177631\.m2\repository\io\smallrye\smallrye-context-propagation-jta\2.1.0\smallrye-context-propagation-jta-2.1.0.jar;C:\Users\021177631\.m2\repository\io\smallrye\reactive\smallrye-reactive-converter-api\3.0.1\smallrye-reactive-converter-api-3.0.1.jar;C:\Users\021177631\.m2\repository\org\reactivestreams\reactive-streams\1.0.4\reactive-streams-1.0.4.jar;C:\Users\021177631\.m2\repository\io\smallrye\reactive\smallrye-reactive-converter-mutiny\3.0.1\smallrye-reactive-converter-mutiny-3.0.1.jar;C:\Users\021177631\.m2\repository\io\smallrye\reactive\mutiny-zero-flow-adapters\1.0.0\mutiny-zero-flow-adapters-1.0.0.jar;C:\Users\021177631\.m2\repository\org\jboss\narayana\jta\narayana-jta\7.0.0.Final\narayana-jta-7.0.0.Final.jar;C:\Users\021177631\.m2\repository\jakarta\resource\jakarta.resource-api\2.1.0\jakarta.resource-api-2.1.0.jar;C:\Users\021177631\.m2\repository\org\jboss\invocation\jboss-invocation\2.0.0.Final\jboss-invocation-2.0.0.Final.jar;C:\Users\021177631\.m2\repository\jakarta\ejb\jakarta.ejb-api\4.0.1\jakarta.ejb-api-4.0.1.jar;C:\Users\021177631\.m2\repository\org\eclipse\microprofile\reactive-streams-operators\microprofile-reactive-streams-operators-api\3.0\microprofile-reactive-streams-operators-api-3.0.jar;C:\Users\021177631\.m2\repository\org\jboss\narayana\jts\narayana-jts-integration\7.0.0.Final\narayana-jts-integration-7.0.0.Final.jar;C:\Users\021177631\.m2\repository\org\hibernate\orm\hibernate-core\6.2.13.Final\hibernate-core-6.2.13.Final.jar;C:\Users\021177631\.m2\repository\com\fasterxml\classmate\1.5.1\classmate-1.5.1.jar;C:\Users\021177631\.m2\repository\org\antlr\antlr4-runtime\4.10.1\antlr4-runtime-4.10.1.jar;C:\Users\021177631\.m2\repository\net\bytebuddy\byte-buddy\1.14.7\byte-buddy-1.14.7.jar;C:\Users\021177631\.m2\repository\org\hibernate\common\hibernate-commons-annotations\6.0.6.Final\hibernate-commons-annotations-6.0.6.Final.jar;C:\Users\021177631\.m2\repository\org\hibernate\orm\hibernate-graalvm\6.2.13.Final\hibernate-graalvm-6.2.13.Final.jar;C:\Users\021177631\.m2\repository\org\glassfish\jaxb\jaxb-runtime\4.0.3\jaxb-runtime-4.0.3.jar;C:\Users\021177631\.m2\repository\org\glassfish\jaxb\jaxb-core\4.0.3\jaxb-core-4.0.3.jar;C:\Users\021177631\.m2\repository\org\eclipse\angus\angus-activation\2.0.1\angus-activation-2.0.1.jar;C:\Users\021177631\.m2\repository\org\glassfish\jaxb\txw2\4.0.3\txw2-4.0.3.jar;C:\Users\021177631\.m2\repository\com\sun\istack\istack-commons-runtime\4.1.2\istack-commons-runtime-4.1.2.jar;C:\Users\021177631\.m2\repository\jakarta\xml\bind\jakarta.xml.bind-api\4.0.1\jakarta.xml.bind-api-4.0.1.jar;C:\Users\021177631\.m2\repository\jakarta\activation\jakarta.activation-api\2.1.2\jakarta.activation-api-2.1.2.jar;C:\Users\021177631\.m2\repository\jakarta\persistence\jakarta.persistence-api\3.1.0\jakarta.persistence-api-3.1.0.jar;C:\Users\021177631\.m2\repository\jakarta\transaction\jakarta.transaction-api\2.0.1\jakarta.transaction-api-2.0.1.jar;C:\Users\021177631\.m2\repository\org\hibernate\quarkus-local-cache\0.2.1\quarkus-local-cache-0.2.1.jar;C:\Users\021177631\.m2\repository\io\quarkus\quarkus-caffeine\3.5.2\quarkus-caffeine-3.5.2.jar;C:\Users\021177631\.m2\repository\com\github\ben-manes\caffeine\caffeine\3.1.5\caffeine-3.1.5.jar;C:\Users\021177631\.m2\repository\com\google\errorprone\error_prone_annotations\2.22.0\error_prone_annotations-2.22.0.jar;C:\Users\021177631\.m2\repository\io\quarkus\quarkus-arc\3.5.2\quarkus-arc-3.5.2.jar;C:\Users\021177631\.m2\repository\io\quarkus\arc\arc\3.5.2\arc-3.5.2.jar;C:\Users\021177631\.m2\repository\io\smallrye\reactive\mutiny\2.5.1\mutiny-2.5.1.jar;C:\Users\021177631\.m2\repository\io\smallrye\common\smallrye-common-annotation\2.1.2\smallrye-common-annotation-2.1.2.jar;C:\Users\021177631\.m2\repository\org\eclipse\microprofile\context-propagation\microprofile-context-propagation-api\1.3\microprofile-context-propagation-api-1.3.jar;C:\Users\021177631\.m2\repository\io\quarkus\quarkus-resteasy-reactive\3.5.2\quarkus-resteasy-reactive-3.5.2.jar;C:\Users\021177631\.m2\repository\io\quarkus\quarkus-resteasy-reactive-common\3.5.2\quarkus-resteasy-reactive-common-3.5.2.jar;C:\Users\021177631\.m2\repository\io\quarkus\resteasy\reactive\resteasy-reactive-common\3.5.2\resteasy-reactive-common-3.5.2.jar;C:\Users\021177631\.m2\repository\io\quarkus\resteasy\reactive\resteasy-reactive-common-types\3.5.2\resteasy-reactive-common-types-3.5.2.jar;C:\Users\021177631\.m2\repository\io\quarkus\quarkus-vertx\3.5.2\quarkus-vertx-3.5.2.jar;C:\Users\021177631\.m2\repository\io\quarkus\quarkus-netty\3.5.2\quarkus-netty-3.5.2.jar;C:\Users\021177631\.m2\repository\io\netty\netty-codec\4.1.100.Final\netty-codec-4.1.100.Final.jar;C:\Users\021177631\.m2\repository\com\aayushatharva\brotli4j\brotli4j\1.12.0\brotli4j-1.12.0.jar;C:\Users\021177631\.m2\repository\com\aayushatharva\brotli4j\service\1.12.0\service-1.12.0.jar;C:\Users\021177631\.m2\repository\com\aayushatharva\brotli4j\native-windows-x86_64\1.12.0\native-windows-x86_64-1.12.0.jar;C:\Users\021177631\.m2\repository\io\netty\netty-codec-haproxy\4.1.100.Final\netty-codec-haproxy-4.1.100.Final.jar;C:\Users\021177631\.m2\repository\io\quarkus\quarkus-vertx-latebound-mdc-provider\3.5.2\quarkus-vertx-latebound-mdc-provider-3.5.2.jar;C:\Users\021177631\.m2\repository\io\smallrye\smallrye-fault-tolerance-vertx\6.2.6\smallrye-fault-tolerance-vertx-6.2.6.jar;C:\Users\021177631\.m2\repository\io\quarkus\resteasy\reactive\resteasy-reactive-vertx\3.5.2\resteasy-reactive-vertx-3.5.2.jar;C:\Users\021177631\.m2\repository\io\vertx\vertx-web\4.4.6\vertx-web-4.4.6.jar;C:\Users\021177631\.m2\repository\io\vertx\vertx-web-common\4.4.6\vertx-web-common-4.4.6.jar;C:\Users\021177631\.m2\repository\io\vertx\vertx-auth-common\4.4.6\vertx-auth-common-4.4.6.jar;C:\Users\021177631\.m2\repository\io\vertx\vertx-bridge-common\4.4.6\vertx-bridge-common-4.4.6.jar;C:\Users\021177631\.m2\repository\io\smallrye\reactive\smallrye-mutiny-vertx-core\3.7.2\smallrye-mutiny-vertx-core-3.7.2.jar;C:\Users\021177631\.m2\repository\io\smallrye\reactive\smallrye-mutiny-vertx-runtime\3.7.2\smallrye-mutiny-vertx-runtime-3.7.2.jar;C:\Users\021177631\.m2\repository\io\smallrye\reactive\vertx-mutiny-generator\3.7.2\vertx-mutiny-generator-3.7.2.jar;C:\Users\021177631\.m2\repository\io\vertx\vertx-codegen\4.4.6\vertx-codegen-4.4.6.jar;C:\Users\021177631\.m2\repository\io\quarkus\resteasy\reactive\resteasy-reactive\3.5.2\resteasy-reactive-3.5.2.jar;C:\Users\021177631\.m2\repository\org\jboss\logging\commons-logging-jboss-logging\1.0.0.Final\commons-logging-jboss-logging-1.0.0.Final.jar;C:\Users\021177631\.m2\repository\io\quarkus\quarkus-vertx-http\3.5.2\quarkus-vertx-http-3.5.2.jar;C:\Users\021177631\.m2\repository\io\quarkus\quarkus-security-runtime-spi\3.5.2\quarkus-security-runtime-spi-3.5.2.jar;C:\Users\021177631\.m2\repository\io\smallrye\common\smallrye-common-vertx-context\2.1.2\smallrye-common-vertx-context-2.1.2.jar;C:\Users\021177631\.m2\repository\io\quarkus\security\quarkus-security\2.0.2.Final\quarkus-security-2.0.2.Final.jar;C:\Users\021177631\.m2\repository\io\smallrye\reactive\smallrye-mutiny-vertx-web\3.7.2\smallrye-mutiny-vertx-web-3.7.2.jar;C:\Users\021177631\.m2\repository\io\smallrye\reactive\smallrye-mutiny-vertx-web-common\3.7.2\smallrye-mutiny-vertx-web-common-3.7.2.jar;C:\Users\021177631\.m2\repository\io\smallrye\reactive\smallrye-mutiny-vertx-auth-common\3.7.2\smallrye-mutiny-vertx-auth-common-3.7.2.jar;C:\Users\021177631\.m2\repository\io\smallrye\reactive\smallrye-mutiny-vertx-bridge-common\3.7.2\smallrye-mutiny-vertx-bridge-common-3.7.2.jar;C:\Users\021177631\.m2\repository\io\smallrye\reactive\smallrye-mutiny-vertx-uri-template\3.7.2\smallrye-mutiny-vertx-uri-template-3.7.2.jar;C:\Users\021177631\.m2\repository\io\vertx\vertx-uri-template\4.4.6\vertx-uri-template-4.4.6.jar;C:\Users\021177631\.m2\repository\io\github\crac\org-crac\0.1.3\org-crac-0.1.3.jar;C:\Users\021177631\.m2\repository\io\quarkus\quarkus-jsonp\3.5.2\quarkus-jsonp-3.5.2.jar;C:\Users\021177631\.m2\repository\org\eclipse\parsson\parsson\1.1.5\parsson-1.1.5.jar;C:\Users\021177631\.m2\repository\io\quarkus\quarkus-virtual-threads\3.5.2\quarkus-virtual-threads-3.5.2.jar;C:\Users\021177631\.m2\repository\io\vertx\vertx-core\4.4.6\vertx-core-4.4.6.jar;C:\Users\021177631\.m2\repository\io\netty\netty-common\4.1.100.Final\netty-common-4.1.100.Final.jar;C:\Users\021177631\.m2\repository\io\netty\netty-buffer\4.1.100.Final\netty-buffer-4.1.100.Final.jar;C:\Users\021177631\.m2\repository\io\netty\netty-transport\4.1.100.Final\netty-transport-4.1.100.Final.jar;C:\Users\021177631\.m2\repository\io\netty\netty-handler\4.1.100.Final\netty-handler-4.1.100.Final.jar;C:\Users\021177631\.m2\repository\io\netty\netty-transport-native-unix-common\4.1.100.Final\netty-transport-native-unix-common-4.1.100.Final.jar;C:\Users\021177631\.m2\repository\io\netty\netty-handler-proxy\4.1.100.Final\netty-handler-proxy-4.1.100.Final.jar;C:\Users\021177631\.m2\repository\io\netty\netty-codec-socks\4.1.100.Final\netty-codec-socks-4.1.100.Final.jar;C:\Users\021177631\.m2\repository\io\netty\netty-codec-http\4.1.100.Final\netty-codec-http-4.1.100.Final.jar;C:\Users\021177631\.m2\repository\io\netty\netty-codec-http2\4.1.100.Final\netty-codec-http2-4.1.100.Final.jar;C:\Users\021177631\.m2\repository\io\netty\netty-resolver\4.1.100.Final\netty-resolver-4.1.100.Final.jar;C:\Users\021177631\.m2\repository\io\netty\netty-resolver-dns\4.1.100.Final\netty-resolver-dns-4.1.100.Final.jar;C:\Users\021177631\.m2\repository\io\netty\netty-codec-dns\4.1.100.Final\netty-codec-dns-4.1.100.Final.jar;C:\Users\021177631\.m2\repository\com\fasterxml\jackson\core\jackson-core\2.15.3\jackson-core-2.15.3.jar;C:\Users\021177631\.m2\repository\io\quarkus\quarkus-junit5\3.5.2\quarkus-junit5-3.5.2.jar;C:\Users\021177631\.m2\repository\io\quarkus\quarkus-bootstrap-core\3.5.2\quarkus-bootstrap-core-3.5.2.jar;C:\Users\021177631\.m2\repository\io\quarkus\quarkus-bootstrap-app-model\3.5.2\quarkus-bootstrap-app-model-3.5.2.jar;C:\Users\021177631\.m2\repository\io\smallrye\common\smallrye-common-io\2.1.2\smallrye-common-io-2.1.2.jar;C:\Users\021177631\.m2\repository\org\eclipse\sisu\org.eclipse.sisu.inject\0.3.5\org.eclipse.sisu.inject-0.3.5.jar;C:\Users\021177631\.m2\repository\io\quarkus\quarkus-test-common\3.5.2\quarkus-test-common-3.5.2.jar;C:\Users\021177631\.m2\repository\io\quarkus\quarkus-core-deployment\3.5.2\quarkus-core-deployment-3.5.2.jar;C:\Users\021177631\.m2\repository\org\aesh\readline\2.4\readline-2.4.jar;C:\Users\021177631\.m2\repository\org\fusesource\jansi\jansi\2.4.0\jansi-2.4.0.jar;C:\Users\021177631\.m2\repository\org\aesh\aesh\2.7\aesh-2.7.jar;C:\Users\021177631\.m2\repository\io\quarkus\gizmo\gizmo\1.7.0\gizmo-1.7.0.jar;C:\Users\021177631\.m2\repository\org\ow2\asm\asm-util\9.5\asm-util-9.5.jar;C:\Users\021177631\.m2\repository\org\ow2\asm\asm-analysis\9.5\asm-analysis-9.5.jar;C:\Users\021177631\.m2\repository\org\ow2\asm\asm\9.5\asm-9.5.jar;C:\Users\021177631\.m2\repository\org\ow2\asm\asm-commons\9.5\asm-commons-9.5.jar;C:\Users\021177631\.m2\repository\org\ow2\asm\asm-tree\9.5\asm-tree-9.5.jar;C:\Users\021177631\.m2\repository\io\quarkus\quarkus-class-change-agent\3.5.2\quarkus-class-change-agent-3.5.2.jar;C:\Users\021177631\.m2\repository\io\quarkus\quarkus-devtools-utilities\3.5.2\quarkus-devtools-utilities-3.5.2.jar;C:\Users\021177631\.m2\repository\io\quarkus\quarkus-builder\3.5.2\quarkus-builder-3.5.2.jar;C:\Users\021177631\.m2\repository\org\graalvm\sdk\graal-sdk\23.0.1\graal-sdk-23.0.1.jar;C:\Users\021177631\.m2\repository\org\junit\platform\junit-platform-launcher\1.10.0\junit-platform-launcher-1.10.0.jar;C:\Users\021177631\.m2\repository\io\quarkus\quarkus-bootstrap-maven-resolver\3.5.2\quarkus-bootstrap-maven-resolver-3.5.2.jar;C:\Users\021177631\.m2\repository\io\smallrye\beanbag\smallrye-beanbag-maven\1.3.2\smallrye-beanbag-maven-1.3.2.jar;C:\Users\021177631\.m2\repository\io\smallrye\beanbag\smallrye-beanbag-sisu\1.3.2\smallrye-beanbag-sisu-1.3.2.jar;C:\Users\021177631\.m2\repository\io\smallrye\beanbag\smallrye-beanbag\1.3.2\smallrye-beanbag-1.3.2.jar;C:\Users\021177631\.m2\repository\javax\inject\javax.inject\1\javax.inject-1.jar;C:\Users\021177631\.m2\repository\org\apache\maven\maven-artifact\3.9.5\maven-artifact-3.9.5.jar;C:\Users\021177631\.m2\repository\org\apache\maven\maven-builder-support\3.9.5\maven-builder-support-3.9.5.jar;C:\Users\021177631\.m2\repository\org\apache\maven\maven-model\3.9.5\maven-model-3.9.5.jar;C:\Users\021177631\.m2\repository\org\apache\maven\maven-model-builder\3.9.5\maven-model-builder-3.9.5.jar;C:\Users\021177631\.m2\repository\org\apache\maven\maven-repository-metadata\3.9.5\maven-repository-metadata-3.9.5.jar;C:\Users\021177631\.m2\repository\org\apache\maven\maven-settings\3.9.5\maven-settings-3.9.5.jar;C:\Users\021177631\.m2\repository\org\apache\maven\resolver\maven-resolver-api\1.9.13\maven-resolver-api-1.9.13.jar;C:\Users\021177631\.m2\repository\org\apache\maven\resolver\maven-resolver-impl\1.9.13\maven-resolver-impl-1.9.13.jar;C:\Users\021177631\.m2\repository\org\apache\maven\resolver\maven-resolver-named-locks\1.9.13\maven-resolver-named-locks-1.9.13.jar;C:\Users\021177631\.m2\repository\org\apache\maven\resolver\maven-resolver-spi\1.9.13\maven-resolver-spi-1.9.13.jar;C:\Users\021177631\.m2\repository\org\apache\maven\resolver\maven-resolver-util\1.9.13\maven-resolver-util-1.9.13.jar;C:\Users\021177631\.m2\repository\org\apache\maven\resolver\maven-resolver-transport-http\1.9.10\maven-resolver-transport-http-1.9.10.jar;C:\Users\021177631\.m2\repository\org\apache\maven\wagon\wagon-provider-api\3.5.3\wagon-provider-api-3.5.3.jar;C:\Users\021177631\.m2\repository\org\apache\maven\wagon\wagon-http-shared\3.5.3\wagon-http-shared-3.5.3.jar;C:\Users\021177631\.m2\repository\org\codehaus\plexus\plexus-interpolation\1.26\plexus-interpolation-1.26.jar;C:\Users\021177631\.m2\repository\org\codehaus\plexus\plexus-utils\3.5.1\plexus-utils-3.5.1.jar;C:\Users\021177631\.m2\repository\org\codehaus\plexus\plexus-xml\4.0.0\plexus-xml-4.0.0.jar;C:\Users\021177631\.m2\repository\org\apache\maven\maven-xml-impl\4.0.0-alpha-5\maven-xml-impl-4.0.0-alpha-5.jar;C:\Users\021177631\.m2\repository\org\apache\maven\maven-api-xml\4.0.0-alpha-5\maven-api-xml-4.0.0-alpha-5.jar;C:\Users\021177631\.m2\repository\org\apache\maven\maven-api-meta\4.0.0-alpha-5\maven-api-meta-4.0.0-alpha-5.jar;C:\Users\021177631\.m2\repository\org\codehaus\plexus\plexus-cipher\2.0\plexus-cipher-2.0.jar;C:\Users\021177631\.m2\repository\org\codehaus\plexus\plexus-sec-dispatcher\2.0\plexus-sec-dispatcher-2.0.jar;C:\Users\021177631\.m2\repository\org\apache\maven\maven-embedder\3.9.5\maven-embedder-3.9.5.jar;C:\Users\021177631\.m2\repository\org\apache\maven\maven-core\3.9.5\maven-core-3.9.5.jar;C:\Users\021177631\.m2\repository\org\codehaus\plexus\plexus-component-annotations\2.1.0\plexus-component-annotations-2.1.0.jar;C:\Users\021177631\.m2\repository\org\apache\maven\maven-plugin-api\3.9.5\maven-plugin-api-3.9.5.jar;C:\Users\021177631\.m2\repository\org\apache\maven\shared\maven-shared-utils\3.3.4\maven-shared-utils-3.3.4.jar;C:\Users\021177631\.m2\repository\com\google\inject\guice\5.1.0\guice-5.1.0.jar;C:\Users\021177631\.m2\repository\aopalliance\aopalliance\1.0\aopalliance-1.0.jar;C:\Users\021177631\.m2\repository\com\google\guava\guava\32.1.2-jre\guava-32.1.2-jre.jar;C:\Users\021177631\.m2\repository\com\google\guava\failureaccess\1.0.1\failureaccess-1.0.1.jar;C:\Users\021177631\.m2\repository\javax\annotation\javax.annotation-api\1.3.2\javax.annotation-api-1.3.2.jar;C:\Users\021177631\.m2\repository\org\codehaus\plexus\plexus-classworlds\2.6.0\plexus-classworlds-2.6.0.jar;C:\Users\021177631\.m2\repository\commons-cli\commons-cli\1.5.0\commons-cli-1.5.0.jar;C:\Users\021177631\.m2\repository\org\eclipse\sisu\org.eclipse.sisu.plexus\0.3.5\org.eclipse.sisu.plexus-0.3.5.jar;C:\Users\021177631\.m2\repository\org\apache\maven\maven-settings-builder\3.9.5\maven-settings-builder-3.9.5.jar;C:\Users\021177631\.m2\repository\org\apache\maven\maven-resolver-provider\3.9.5\maven-resolver-provider-3.9.5.jar;C:\Users\021177631\.m2\repository\org\apache\maven\resolver\maven-resolver-connector-basic\1.9.13\maven-resolver-connector-basic-1.9.13.jar;C:\Users\021177631\.m2\repository\org\apache\maven\resolver\maven-resolver-transport-wagon\1.9.13\maven-resolver-transport-wagon-1.9.13.jar;C:\Users\021177631\.m2\repository\org\apache\maven\wagon\wagon-http\3.5.3\wagon-http-3.5.3.jar;C:\Users\021177631\.m2\repository\org\apache\maven\wagon\wagon-file\3.5.3\wagon-file-3.5.3.jar;C:\Users\021177631\.m2\repository\io\quarkus\quarkus-bootstrap-gradle-resolver\3.5.2\quarkus-bootstrap-gradle-resolver-3.5.2.jar;C:\Users\021177631\.m2\repository\io\smallrye\jandex\3.1.5\jandex-3.1.5.jar;C:\Users\021177631\.m2\repository\commons-io\commons-io\2.13.0\commons-io-2.13.0.jar;C:\Users\021177631\.m2\repository\io\quarkus\quarkus-junit5-properties\3.5.2\quarkus-junit5-properties-3.5.2.jar;C:\Users\021177631\.m2\repository\org\junit\jupiter\junit-jupiter\5.10.0\junit-jupiter-5.10.0.jar;C:\Users\021177631\.m2\repository\org\junit\jupiter\junit-jupiter-api\5.10.0\junit-jupiter-api-5.10.0.jar;C:\Users\021177631\.m2\repository\org\opentest4j\opentest4j\1.3.0\opentest4j-1.3.0.jar;C:\Users\021177631\.m2\repository\org\junit\platform\junit-platform-commons\1.10.0\junit-platform-commons-1.10.0.jar;C:\Users\021177631\.m2\repository\org\apiguardian\apiguardian-api\1.1.2\apiguardian-api-1.1.2.jar;C:\Users\021177631\.m2\repository\org\junit\jupiter\junit-jupiter-params\5.10.0\junit-jupiter-params-5.10.0.jar;C:\Users\021177631\.m2\repository\org\junit\jupiter\junit-jupiter-engine\5.10.0\junit-jupiter-engine-5.10.0.jar;C:\Users\021177631\.m2\repository\org\junit\platform\junit-platform-engine\1.10.0\junit-platform-engine-1.10.0.jar;C:\Users\021177631\.m2\repository\com\thoughtworks\xstream\xstream\1.4.20\xstream-1.4.20.jar;C:\Users\021177631\.m2\repository\io\github\x-stream\mxparser\1.2.2\mxparser-1.2.2.jar;C:\Users\021177631\.m2\repository\xmlpull\xmlpull\1.1.3.1\xmlpull-1.1.3.1.jar;C:\Users\021177631\.m2\repository\io\rest-assured\rest-assured\5.3.0\rest-assured-5.3.0.jar;C:\Users\021177631\.m2\repository\org\apache\groovy\groovy\4.0.6\groovy-4.0.6.jar;C:\Users\021177631\.m2\repository\org\apache\groovy\groovy-xml\4.0.6\groovy-xml-4.0.6.jar;C:\Users\021177631\.m2\repository\org\apache\httpcomponents\httpclient\4.5.14\httpclient-4.5.14.jar;C:\Users\021177631\.m2\repository\org\apache\httpcomponents\httpcore\4.4.16\httpcore-4.4.16.jar;C:\Users\021177631\.m2\repository\commons-codec\commons-codec\1.16.0\commons-codec-1.16.0.jar;C:\Users\021177631\.m2\repository\org\apache\httpcomponents\httpmime\4.5.14\httpmime-4.5.14.jar;C:\Users\021177631\.m2\repository\org\hamcrest\hamcrest\2.1\hamcrest-2.1.jar;C:\Users\021177631\.m2\repository\org\ccil\cowan\tagsoup\tagsoup\1.2.1\tagsoup-1.2.1.jar;C:\Users\021177631\.m2\repository\io\rest-assured\json-path\5.3.0\json-path-5.3.0.jar;C:\Users\021177631\.m2\repository\org\apache\groovy\groovy-json\4.0.6\groovy-json-4.0.6.jar;C:\Users\021177631\.m2\repository\io\rest-assured\rest-assured-common\5.3.0\rest-assured-common-5.3.0.jar;C:\Users\021177631\.m2\repository\io\rest-assured\xml-path\5.3.0\xml-path-5.3.0.jar;C:\Users\021177631\.m2\repository\org\apache\commons\commons-lang3\3.12.0\commons-lang3-3.12.0.jar;"/>
    <property name="sun.cpu.endian" value="little"/>
    <property name="user.home" value="C:\Users\021177631"/>
    <property name="user.language" value="pt"/>
    <property name="jboss.log-version" value="false"/>
    <property name="java.specification.vendor" value="Oracle Corporation"/>
    <property name="java.version.date" value="2023-01-17"/>
    <property name="java.home" value="C:\Users\021177631\.jdks\corretto-19.0.2"/>
    <property name="file.separator" value="\"/>
    <property name="basedir" value="C:\Users\021177631\Documents\exercicios\code-with-quarkus (1)\code-with-quarkus"/>
    <property name="java.vm.compressedOopsMode" value="Zero based"/>
    <property name="line.separator" value="&#10;"/>
    <property name="java.vm.specification.vendor" value="Oracle Corporation"/>
    <property name="java.specification.name" value="Java Platform API Specification"/>
    <property name="surefire.real.class.path" value="C:\Users\021177631\AppData\Local\Temp\surefire6855162266461090569\surefirebooter-20231120140911706_3.jar"/>
    <property name="user.script" value=""/>
    <property name="sun.management.compiler" value="HotSpot 64-Bit Tiered Compilers"/>
    <property name="java.runtime.version" value="19.0.2+7-FR"/>
    <property name="user.name" value="GabrielRibeiro"/>
    <property name="stdout.encoding" value="Cp1252"/>
    <property name="path.separator" value=";"/>
    <property name="os.version" value="10.0"/>
    <property name="java.runtime.name" value="OpenJDK Runtime Environment"/>
    <property name="file.encoding" value="UTF-8"/>
    <property name="java.vm.name" value="OpenJDK 64-Bit Server VM"/>
    <property name="java.vendor.version" value="Corretto-19.0.2.7.1"/>
    <property name="localRepository" value="C:\Users\021177631\.m2\repository"/>
    <property name="java.vendor.url.bug" value="https://github.com/corretto/corretto-19/issues/"/>
    <property name="java.io.tmpdir" value="C:\Users\021177~1\AppData\Local\Temp\"/>
    <property name="quarkus.log.file.path" value="target\quarkus.log"/>
    <property name="idea.version" value="2023.2.2"/>
    <property name="java.version" value="19.0.2"/>
    <property name="user.dir" value="C:\Users\021177631\Documents\exercicios\code-with-quarkus (1)\code-with-quarkus"/>
    <property name="os.arch" value="amd64"/>
    <property name="java.vm.specification.name" value="Java Virtual Machine Specification"/>
    <property name="sun.os.patch.level" value=""/>
    <property name="native.encoding" value="Cp1252"/>
    <property name="java.util.logging.manager" value="org.jboss.logmanager.LogManager"/>
    <property name="java.library.path" value="C:\Users\021177631\.jdks\corretto-19.0.2\bin;C:\Windows\Sun\Java\bin;C:\Windows\system32;C:\Windows;C:\Program Files\AdoptOpenJDK\jdk-13.0.2.8-hotspot\bin;C:\Program Files (x86)\Common Files\Oracle\Java\javapath;C:\Python311\Scripts\;C:\Python311\;C:\Windows\system32;C:\Windows;C:\Windows\System32\Wbem;C:\Windows\System32\WindowsPowerShell\v1.0\;C:\Windows\System32\OpenSSH\;C:\Program Files\dotnet\;C:\ProgramData\chocolatey\bin;C:\Program Files\nodejs\;C:\apache-maven-3.9.5\bin;C:\Users\021177631\.jbang\bin;C:\Program Files\MySQL\MySQL Shell 8.0\bin\;C:\Users\021177631\AppData\Local\Microsoft\WindowsApps;C:\Users\021177631\AppData\Local\GitHubDesktop\bin;C:\Users\021177631\AppData\Local\Programs\Microsoft VS Code\bin;C:\Users\021177631\AppData\Roaming\npm;C:\apache-maven-3.9.5\bin;;."/>
    <property name="java.vm.info" value="mixed mode, sharing"/>
    <property name="stderr.encoding" value="Cp1252"/>
    <property name="java.vendor" value="Amazon.com Inc."/>
    <property name="vertx.disableTCCL" value="true"/>
    <property name="java.vm.version" value="19.0.2+7-FR"/>
    <property name="sun.io.unicode.encoding" value="UnicodeLittle"/>
    <property name="java.class.version" value="63.0"/>
  </properties>
  <testcase name="testHelloEndpoint" classname="com.br.users.GreetingResourceTest" time="0.099">
    <error message="java.lang.RuntimeException: io.quarkus.builder.BuildException: Build failure: Build failed due to errors&#10;	[error]: Build step io.quarkus.agroal.deployment.AgroalProcessor#build threw an exception: io.quarkus.runtime.configuration.ConfigurationException: Unable to find a JDBC driver corresponding to the database kind &apos;postgresql&apos; for the default datasource (available: &apos;&apos;). Check if it&apos;s a typo, otherwise provide a suitable JDBC driver extension, define the driver manually, or disable the JDBC datasource by adding &apos;quarkus.datasource.jdbc=false&apos; to your configuration if you don&apos;t need it.&#10;	at io.quarkus.agroal.deployment.AgroalProcessor.resolveDriver(AgroalProcessor.java:367)&#10;	at io.quarkus.agroal.deployment.AgroalProcessor.getAggregatedConfigBuildItems(AgroalProcessor.java:341)&#10;	at io.quarkus.agroal.deployment.AgroalProcessor.build(AgroalProcessor.java:100)&#10;	at java.base/jdk.internal.reflect.DirectMethodHandleAccessor.invoke(DirectMethodHandleAccessor.java:104)&#10;	at java.base/java.lang.reflect.Method.invoke(Method.java:578)&#10;	at io.quarkus.deployment.ExtensionLoader$3.execute(ExtensionLoader.java:849)&#10;	at io.quarkus.builder.BuildContext.run(BuildContext.java:282)&#10;	at org.jboss.threads.ContextHandler$1.runWith(ContextHandler.java:18)&#10;	at org.jboss.threads.EnhancedQueueExecutor$Task.run(EnhancedQueueExecutor.java:2513)&#10;	at org.jboss.threads.EnhancedQueueExecutor$ThreadBody.run(EnhancedQueueExecutor.java:1538)&#10;	at java.base/java.lang.Thread.run(Thread.java:1589)&#10;	at org.jboss.threads.JBossThread.run(JBossThread.java:501)&#10;" type="java.lang.RuntimeException"><![CDATA[java.lang.RuntimeException: 
java.lang.RuntimeException: io.quarkus.builder.BuildException: Build failure: Build failed due to errors
	[error]: Build step io.quarkus.agroal.deployment.AgroalProcessor#build threw an exception: io.quarkus.runtime.configuration.ConfigurationException: Unable to find a JDBC driver corresponding to the database kind 'postgresql' for the default datasource (available: ''). Check if it's a typo, otherwise provide a suitable JDBC driver extension, define the driver manually, or disable the JDBC datasource by adding 'quarkus.datasource.jdbc=false' to your configuration if you don't need it.
	at io.quarkus.agroal.deployment.AgroalProcessor.resolveDriver(AgroalProcessor.java:367)
	at io.quarkus.agroal.deployment.AgroalProcessor.getAggregatedConfigBuildItems(AgroalProcessor.java:341)
	at io.quarkus.agroal.deployment.AgroalProcessor.build(AgroalProcessor.java:100)
	at java.base/jdk.internal.reflect.DirectMethodHandleAccessor.invoke(DirectMethodHandleAccessor.java:104)
	at java.base/java.lang.reflect.Method.invoke(Method.java:578)
	at io.quarkus.deployment.ExtensionLoader$3.execute(ExtensionLoader.java:849)
	at io.quarkus.builder.BuildContext.run(BuildContext.java:282)
	at org.jboss.threads.ContextHandler$1.runWith(ContextHandler.java:18)
	at org.jboss.threads.EnhancedQueueExecutor$Task.run(EnhancedQueueExecutor.java:2513)
	at org.jboss.threads.EnhancedQueueExecutor$ThreadBody.run(EnhancedQueueExecutor.java:1538)
	at java.base/java.lang.Thread.run(Thread.java:1589)
	at org.jboss.threads.JBossThread.run(JBossThread.java:501)

	at io.quarkus.test.junit.QuarkusTestExtension.throwBootFailureException(QuarkusTestExtension.java:639)
	at io.quarkus.test.junit.QuarkusTestExtension.interceptTestClassConstructor(QuarkusTestExtension.java:723)
	at java.base/java.util.Optional.orElseGet(Optional.java:364)
	at java.base/java.util.ArrayList.forEach(ArrayList.java:1511)
	at java.base/java.util.ArrayList.forEach(ArrayList.java:1511)
Caused by: java.lang.RuntimeException: io.quarkus.builder.BuildException: Build failure: Build failed due to errors
	[error]: Build step io.quarkus.agroal.deployment.AgroalProcessor#build threw an exception: io.quarkus.runtime.configuration.ConfigurationException: Unable to find a JDBC driver corresponding to the database kind 'postgresql' for the default datasource (available: ''). Check if it's a typo, otherwise provide a suitable JDBC driver extension, define the driver manually, or disable the JDBC datasource by adding 'quarkus.datasource.jdbc=false' to your configuration if you don't need it.
	at io.quarkus.agroal.deployment.AgroalProcessor.resolveDriver(AgroalProcessor.java:367)
	at io.quarkus.agroal.deployment.AgroalProcessor.getAggregatedConfigBuildItems(AgroalProcessor.java:341)
	at io.quarkus.agroal.deployment.AgroalProcessor.build(AgroalProcessor.java:100)
	at java.base/jdk.internal.reflect.DirectMethodHandleAccessor.invoke(DirectMethodHandleAccessor.java:104)
	at java.base/java.lang.reflect.Method.invoke(Method.java:578)
	at io.quarkus.deployment.ExtensionLoader$3.execute(ExtensionLoader.java:849)
	at io.quarkus.builder.BuildContext.run(BuildContext.java:282)
	at org.jboss.threads.ContextHandler$1.runWith(ContextHandler.java:18)
	at org.jboss.threads.EnhancedQueueExecutor$Task.run(EnhancedQueueExecutor.java:2513)
	at org.jboss.threads.EnhancedQueueExecutor$ThreadBody.run(EnhancedQueueExecutor.java:1538)
	at java.base/java.lang.Thread.run(Thread.java:1589)
	at org.jboss.threads.JBossThread.run(JBossThread.java:501)

	at io.quarkus.runner.bootstrap.AugmentActionImpl.runAugment(AugmentActionImpl.java:336)
	at io.quarkus.runner.bootstrap.AugmentActionImpl.createInitialRuntimeApplication(AugmentActionImpl.java:253)
	at io.quarkus.runner.bootstrap.AugmentActionImpl.createInitialRuntimeApplication(AugmentActionImpl.java:60)
	at io.quarkus.test.junit.QuarkusTestExtension.doJavaStart(QuarkusTestExtension.java:223)
	at io.quarkus.test.junit.QuarkusTestExtension.ensureStarted(QuarkusTestExtension.java:606)
	at io.quarkus.test.junit.QuarkusTestExtension.beforeAll(QuarkusTestExtension.java:656)
	... 1 more
Caused by: io.quarkus.builder.BuildException: Build failure: Build failed due to errors
	[error]: Build step io.quarkus.agroal.deployment.AgroalProcessor#build threw an exception: io.quarkus.runtime.configuration.ConfigurationException: Unable to find a JDBC driver corresponding to the database kind 'postgresql' for the default datasource (available: ''). Check if it's a typo, otherwise provide a suitable JDBC driver extension, define the driver manually, or disable the JDBC datasource by adding 'quarkus.datasource.jdbc=false' to your configuration if you don't need it.
	at io.quarkus.agroal.deployment.AgroalProcessor.resolveDriver(AgroalProcessor.java:367)
	at io.quarkus.agroal.deployment.AgroalProcessor.getAggregatedConfigBuildItems(AgroalProcessor.java:341)
	at io.quarkus.agroal.deployment.AgroalProcessor.build(AgroalProcessor.java:100)
	at java.base/jdk.internal.reflect.DirectMethodHandleAccessor.invoke(DirectMethodHandleAccessor.java:104)
	at java.base/java.lang.reflect.Method.invoke(Method.java:578)
	at io.quarkus.deployment.ExtensionLoader$3.execute(ExtensionLoader.java:849)
	at io.quarkus.builder.BuildContext.run(BuildContext.java:282)
	at org.jboss.threads.ContextHandler$1.runWith(ContextHandler.java:18)
	at org.jboss.threads.EnhancedQueueExecutor$Task.run(EnhancedQueueExecutor.java:2513)
	at org.jboss.threads.EnhancedQueueExecutor$ThreadBody.run(EnhancedQueueExecutor.java:1538)
	at java.base/java.lang.Thread.run(Thread.java:1589)
	at org.jboss.threads.JBossThread.run(JBossThread.java:501)

	at io.quarkus.builder.Execution.run(Execution.java:123)
	at io.quarkus.builder.BuildExecutionBuilder.execute(BuildExecutionBuilder.java:79)
	at io.quarkus.deployment.QuarkusAugmentor.run(QuarkusAugmentor.java:160)
	at io.quarkus.runner.bootstrap.AugmentActionImpl.runAugment(AugmentActionImpl.java:332)
	... 6 more
Caused by: io.quarkus.runtime.configuration.ConfigurationException: Unable to find a JDBC driver corresponding to the database kind 'postgresql' for the default datasource (available: ''). Check if it's a typo, otherwise provide a suitable JDBC driver extension, define the driver manually, or disable the JDBC datasource by adding 'quarkus.datasource.jdbc=false' to your configuration if you don't need it.
	at io.quarkus.agroal.deployment.AgroalProcessor.resolveDriver(AgroalProcessor.java:367)
	at io.quarkus.agroal.deployment.AgroalProcessor.getAggregatedConfigBuildItems(AgroalProcessor.java:341)
	at io.quarkus.agroal.deployment.AgroalProcessor.build(AgroalProcessor.java:100)
	at java.base/java.lang.reflect.Method.invoke(Method.java:578)
	at io.quarkus.deployment.ExtensionLoader$3.execute(ExtensionLoader.java:849)
	at io.quarkus.builder.BuildContext.run(BuildContext.java:282)
	at org.jboss.threads.ContextHandler$1.runWith(ContextHandler.java:18)
	at org.jboss.threads.EnhancedQueueExecutor$Task.run(EnhancedQueueExecutor.java:2513)
	at org.jboss.threads.EnhancedQueueExecutor$ThreadBody.run(EnhancedQueueExecutor.java:1538)
	at java.base/java.lang.Thread.run(Thread.java:1589)
	at org.jboss.threads.JBossThread.run(JBossThread.java:501)
]]></error>
  </testcase>
</testsuite>